0 info it worked if it ends with ok
1 verbose cli [ 'C:\\Program Files\\nodejs\\node.exe',
1 verbose cli   'C:\\Users\\Jackson\\AppData\\Roaming\\npm\\node_modules\\npm\\bin\\npm-cli.js',
1 verbose cli   'run',
1 verbose cli   'integration-test' ]
2 info using npm@3.10.9
3 info using node@v6.9.1
4 verbose run-script [ 'preintegration-test',
4 verbose run-script   'integration-test',
4 verbose run-script   'postintegration-test' ]
5 info lifecycle typescript-course@1.0.0~preintegration-test: typescript-course@1.0.0
6 silly lifecycle typescript-course@1.0.0~preintegration-test: no script for preintegration-test, continuing
7 info lifecycle typescript-course@1.0.0~integration-test: typescript-course@1.0.0
8 verbose lifecycle typescript-course@1.0.0~integration-test: unsafe-perm in lifecycle true
9 verbose lifecycle typescript-course@1.0.0~integration-test: PATH: C:\Users\Jackson\AppData\Roaming\npm\node_modules\npm\bin\node-gyp-bin;C:\Users\Jackson\Desktop\typescript-course\node_modules\.bin;C:\Program Files\MySQL\MySQL Server 5.7\bin;C:\Program Files\nodejs;C:\Windows\System32;C:\Program Files\Git\cmd;C:\Program Files\cURL\bin;C:\Program Files (x86)\Microsoft VS Code\bin;C:\Users\Jackson\AppData\Roaming\npm;C:\Program Files\Heroku\bin;C:\Users\Jackson\Desktop\servidor-type\node_modules\.bin
10 verbose lifecycle typescript-course@1.0.0~integration-test: CWD: C:\Users\Jackson\Desktop\typescript-course
11 silly lifecycle typescript-course@1.0.0~integration-test: Args: [ '/d /s /c',
11 silly lifecycle   'set NODE_ENV=test&&  mocha --opts build/tests/integration/config/mocha.opts ./build/tests/integration/integration.test.js' ]
12 silly lifecycle typescript-course@1.0.0~integration-test: Returned: code: 1  signal: null
13 info lifecycle typescript-course@1.0.0~integration-test: Failed to exec integration-test script
14 verbose stack Error: typescript-course@1.0.0 integration-test: `set NODE_ENV=test&&  mocha --opts build/tests/integration/config/mocha.opts ./build/tests/integration/integration.test.js`
14 verbose stack Exit status 1
14 verbose stack     at EventEmitter.<anonymous> (C:\Users\Jackson\AppData\Roaming\npm\node_modules\npm\lib\utils\lifecycle.js:255:16)
14 verbose stack     at emitTwo (events.js:106:13)
14 verbose stack     at EventEmitter.emit (events.js:191:7)
14 verbose stack     at ChildProcess.<anonymous> (C:\Users\Jackson\AppData\Roaming\npm\node_modules\npm\lib\utils\spawn.js:40:14)
14 verbose stack     at emitTwo (events.js:106:13)
14 verbose stack     at ChildProcess.emit (events.js:191:7)
14 verbose stack     at maybeClose (internal/child_process.js:877:16)
14 verbose stack     at Process.ChildProcess._handle.onexit (internal/child_process.js:226:5)
15 verbose pkgid typescript-course@1.0.0
16 verbose cwd C:\Users\Jackson\Desktop\typescript-course
17 error Windows_NT 6.1.7601
18 error argv "C:\\Program Files\\nodejs\\node.exe" "C:\\Users\\Jackson\\AppData\\Roaming\\npm\\node_modules\\npm\\bin\\npm-cli.js" "run" "integration-test"
19 error node v6.9.1
20 error npm  v3.10.9
21 error code ELIFECYCLE
22 error typescript-course@1.0.0 integration-test: `set NODE_ENV=test&&  mocha --opts build/tests/integration/config/mocha.opts ./build/tests/integration/integration.test.js`
22 error Exit status 1
23 error Failed at the typescript-course@1.0.0 integration-test script 'set NODE_ENV=test&&  mocha --opts build/tests/integration/config/mocha.opts ./build/tests/integration/integration.test.js'.
23 error Make sure you have the latest version of node.js and npm installed.
23 error If you do, this is most likely a problem with the typescript-course package,
23 error not with npm itself.
23 error Tell the author that this fails on your system:
23 error     set NODE_ENV=test&&  mocha --opts build/tests/integration/config/mocha.opts ./build/tests/integration/integration.test.js
23 error You can get information on how to open an issue for this project with:
23 error     npm bugs typescript-course
23 error Or if that isn't available, you can get their info via:
23 error     npm owner ls typescript-course
23 error There is likely additional logging output above.
24 verbose exit [ 1, true ]
